<?xml version="1.0" encoding="UTF-8"?>
<!-- Generated by org.testng.reporters.JUnitReportReporter -->
<testsuite hostname="Mamoni-Laptop" failures="0" tests="1" name="Amazon.Amazon.Amazon_pop_up" time="0.340" errors="0" timestamp="2022-04-15T19:25:01 IST" skipped="0">
  <testcase classname="Amazon.Amazon.Amazon_pop_up" name="pop_up" time="0.340"/>
  <system-out>
    <![CDATA[Amazon pop_up is opened]]>
  </system-out>
</testsuite> <!-- Amazon.Amazon.Amazon_pop_up -->
