<?xml version="1.0" encoding="UTF-8"?>
<!-- Generated by org.testng.reporters.JUnitReportReporter -->
<testsuite hostname="Mamoni-Laptop" failures="0" tests="1" name="Amazon.Amazon.MMT" time="1.086" errors="0" timestamp="2022-04-25T12:48:53 IST" skipped="0">
  <testcase classname="Amazon.Amazon.MMT" name="starttest" time="1.086"/>
  <system-out/>
</testsuite> <!-- Amazon.Amazon.MMT -->
