<?xml version="1.0" encoding="UTF-8"?>
<!-- Generated by org.testng.reporters.JUnitReportReporter -->
<testsuite hostname="Mamoni-Laptop" failures="0" tests="1" name="Amazon.Amazon.Draganddrop" time="0.061" errors="0" timestamp="2022-04-25T12:48:53 IST" skipped="0">
  <testcase classname="Amazon.Amazon.Draganddrop" name="starttest" time="0.061"/>
  <system-out/>
</testsuite> <!-- Amazon.Amazon.Draganddrop -->
