<?xml version="1.0" encoding="UTF-8"?>
<!-- Generated by org.testng.reporters.JUnitReportReporter -->
<testsuite hostname="Mamoni-Laptop" failures="0" tests="1" name="Amazon.Amazon.Base_Test" time="17.090" errors="0" timestamp="2022-04-25T12:58:10 IST" skipped="0">
  <testcase classname="Amazon.Amazon.Base_Test" name="mmt" time="17.090"/>
  <system-out/>
</testsuite> <!-- Amazon.Amazon.Base_Test -->
